#
# There is insufficient memory for the Java Runtime Environment to continue.
# Native memory allocation (mmap) failed to map 536870912 bytes for Failed to commit area from 0x0000000255c00000 to 0x0000000275c00000 of length 536870912.
# Possible reasons:
#   The system is out of physical RAM or swap space
#   The process is running with CompressedOops enabled, and the Java Heap may be blocking the growth of the native heap
# Possible solutions:
#   Reduce memory load on the system
#   Increase physical memory or swap space
#   Check if swap backing store is full
#   Decrease Java heap size (-Xmx/-Xms)
#   Decrease number of Java threads
#   Decrease Java thread stack sizes (-Xss)
#   Set larger code cache with -XX:ReservedCodeCacheSize=
# This output file may be truncated or incomplete.
#
#  Out of Memory Error (./src/hotspot/os/windows/os_windows.cpp:3301), pid=13496, tid=17748
#
# JRE version:  (11.0.10+9) (build )
# Java VM: Dynamic Code Evolution 64-Bit Server VM (11.0.10+9-b1341.41, mixed mode, sharing, tiered, compressed oops, g1 gc, windows-amd64)
# No core dump will be written. Minidumps are not enabled by default on client versions of Windows
#

---------------  S U M M A R Y ------------

Command Line: org.jetbrains.git4idea.http.GitAskPassApp Password for 'https://Art3609@bitbucket.org': 

Host: Intel(R) Core(TM) i7-7700K CPU @ 4.20GHz, 8 cores, 31G,  Windows 10 , 64 bit Build 19041 (10.0.19041.1023)
Time: Tue Aug 10 14:39:36 2021 Russia TZ 2 Standard Time elapsed time: 0.014335 seconds (0d 0h 0m 0s)

---------------  T H R E A D  ---------------

Current thread (0x0000013e3aa8e000):  JavaThread "Unknown thread" [_thread_in_vm, id=17748, stack(0x000000061ce00000,0x000000061cf00000)]

Stack: [0x000000061ce00000,0x000000061cf00000]
Native frames: (J=compiled Java code, j=interpreted, Vv=VM code, C=native code)
V  [jvm.dll+0x5f84fa]
V  [jvm.dll+0x77e085]
V  [jvm.dll+0x77f5dd]
V  [jvm.dll+0x77fc93]
V  [jvm.dll+0x2457e8]
V  [jvm.dll+0x5f58f4]
V  [jvm.dll+0x5ea975]
V  [jvm.dll+0x30228b]
V  [jvm.dll+0x3021fa]
V  [jvm.dll+0x3020d2]
V  [jvm.dll+0x306fb6]
V  [jvm.dll+0x34f843]
V  [jvm.dll+0x34ff46]
V  [jvm.dll+0x34f943]
V  [jvm.dll+0x2dbcb8]
V  [jvm.dll+0x2dce57]
V  [jvm.dll+0x75c4d7]
V  [jvm.dll+0x75dd6c]
V  [jvm.dll+0x35cdb9]
V  [jvm.dll+0x73fc9e]
V  [jvm.dll+0x3c5663]
V  [jvm.dll+0x3c7a21]
C  [jli.dll+0x5373]
C  [ucrtbase.dll+0x21bb2]
C  [KERNEL32.dll+0x17034]
C  [ntdll.dll+0x52651]


---------------  P R O C E S S  ---------------

Threads class SMR info:
_java_thread_list=0x0000013e3a9d2680, length=0, elements={
}

Java Threads: ( => current thread )

Other Threads:
  0x0000013e3cc45800 GCTaskThread "GC Thread#0" [stack: 0x000000061cf00000,0x000000061d000000] [id=9396]
  0x0000013e3ccc4800 ConcurrentGCThread "G1 Main Marker" [stack: 0x000000061d000000,0x000000061d100000] [id=21616]
  0x0000013e3ccc7800 ConcurrentGCThread "G1 Conc#0" [stack: 0x000000061d100000,0x000000061d200000] [id=24288]

[error occurred during error reporting (printing all threads), id 0xc0000005, EXCEPTION_ACCESS_VIOLATION (0xc0000005) at pc=0x00007ffe900dc437]

VM state:not at safepoint (not fully initialized)

VM Mutex/Monitor currently owned by a thread:  ([mutex/lock_event])
[0x0000013e3aa8b3d0] Heap_lock - owner thread: 0x0000013e3aa8e000

Heap address: 0x0000000255c00000, size: 8164 MB, Compressed Oops mode: Non-zero based: 0x0000000255c00000
Narrow klass base: 0x0000000000000000, Narrow klass shift: 0

GC Heap History (0 events):
No events

Deoptimization events (0 events):
No events

Classes redefined (0 events):
No events

Internal exceptions (0 events):
No events

Events (1 events):
Event: 0.009 Loaded shared library C:\Users\ukr_temp\AppData\Local\JetBrains\IntelliJ IDEA Community Edition 2021.1.1\jbr\bin\zip.dll


Dynamic libraries:
0x00007ff75da70000 - 0x00007ff75da7a000 	C:\Users\ukr_temp\AppData\Local\JetBrains\IntelliJ IDEA Community Edition 2021.1.1\jbr\bin\java.exe
0x00007ffedec50000 - 0x00007ffedee45000 	C:\Windows\SYSTEM32\ntdll.dll
0x00007ffedde80000 - 0x00007ffeddf3d000 	C:\Windows\System32\KERNEL32.dll
0x00007ffedc130000 - 0x00007ffedc249000 	C:\Windows\system32\hmpalert.dll
0x00007ffedc500000 - 0x00007ffedc7c9000 	C:\Windows\System32\KERNELBASE.dll
0x00007ffedca10000 - 0x00007ffedcb10000 	C:\Windows\System32\ucrtbase.dll
0x00007ffeabb10000 - 0x00007ffeabb29000 	C:\Users\ukr_temp\AppData\Local\JetBrains\IntelliJ IDEA Community Edition 2021.1.1\jbr\bin\jli.dll
0x00007ffeb3200000 - 0x00007ffeb3217000 	C:\Users\ukr_temp\AppData\Local\JetBrains\IntelliJ IDEA Community Edition 2021.1.1\jbr\bin\VCRUNTIME140.dll
0x00007ffedd020000 - 0x00007ffedd1c0000 	C:\Windows\System32\USER32.dll
0x00007ffedc7d0000 - 0x00007ffedc7f2000 	C:\Windows\System32\win32u.dll
0x00007ffedcff0000 - 0x00007ffedd01a000 	C:\Windows\System32\GDI32.dll
0x00007ffedc3f0000 - 0x00007ffedc4fb000 	C:\Windows\System32\gdi32full.dll
0x00007ffedc800000 - 0x00007ffedc89d000 	C:\Windows\System32\msvcp_win.dll
0x00007ffeb4760000 - 0x00007ffeb49fa000 	C:\Windows\WinSxS\amd64_microsoft.windows.common-controls_6595b64144ccf1df_6.0.19041.1110_none_60b5254171f9507e\COMCTL32.dll
0x00007ffede5f0000 - 0x00007ffede68e000 	C:\Windows\System32\msvcrt.dll
0x00007ffede010000 - 0x00007ffede040000 	C:\Windows\System32\IMM32.DLL
0x00007ffe91190000 - 0x00007ffe9122d000 	C:\Users\ukr_temp\AppData\Local\JetBrains\IntelliJ IDEA Community Edition 2021.1.1\jbr\bin\msvcp140.dll
0x00007ffe8fdf0000 - 0x00007ffe9093f000 	C:\Users\ukr_temp\AppData\Local\JetBrains\IntelliJ IDEA Community Edition 2021.1.1\jbr\bin\server\jvm.dll
0x00007ffedddd0000 - 0x00007ffedde7c000 	C:\Windows\System32\ADVAPI32.dll
0x00007ffedccd0000 - 0x00007ffedcd6b000 	C:\Windows\System32\sechost.dll
0x00007ffede040000 - 0x00007ffede16a000 	C:\Windows\System32\RPCRT4.dll
0x00007ffedcd70000 - 0x00007ffedcd78000 	C:\Windows\System32\PSAPI.DLL
0x00007ffed9640000 - 0x00007ffed9649000 	C:\Windows\SYSTEM32\WSOCK32.dll
0x00007ffede190000 - 0x00007ffede1fb000 	C:\Windows\System32\WS2_32.dll
0x00007ffed8860000 - 0x00007ffed886a000 	C:\Windows\SYSTEM32\VERSION.dll
0x00007ffec0890000 - 0x00007ffec08b7000 	C:\Windows\SYSTEM32\WINMM.dll
0x00007ffeda180000 - 0x00007ffeda192000 	C:\Windows\SYSTEM32\kernel.appcore.dll
0x00007ffed67e0000 - 0x00007ffed67f1000 	C:\Users\ukr_temp\AppData\Local\JetBrains\IntelliJ IDEA Community Edition 2021.1.1\jbr\bin\verify.dll
0x00007ffecf360000 - 0x00007ffecf544000 	C:\Windows\SYSTEM32\DBGHELP.DLL
0x00007ffeced30000 - 0x00007ffeced5c000 	C:\Windows\SYSTEM32\dbgcore.DLL
0x00007ffedc980000 - 0x00007ffedca03000 	C:\Windows\System32\bcryptPrimitives.dll
0x00007ffec93d0000 - 0x00007ffec93f9000 	C:\Users\ukr_temp\AppData\Local\JetBrains\IntelliJ IDEA Community Edition 2021.1.1\jbr\bin\java.dll
0x00007ffed0a50000 - 0x00007ffed0a5b000 	C:\Users\ukr_temp\AppData\Local\JetBrains\IntelliJ IDEA Community Edition 2021.1.1\jbr\bin\jimage.dll
0x00007ffecdda0000 - 0x00007ffecddb8000 	C:\Users\ukr_temp\AppData\Local\JetBrains\IntelliJ IDEA Community Edition 2021.1.1\jbr\bin\zip.dll

dbghelp: loaded successfully - version: 4.0.5 - missing functions: none
symbol engine: initialized successfully - sym options: 0x614 - pdb path: .;C:\Users\ukr_temp\AppData\Local\JetBrains\IntelliJ IDEA Community Edition 2021.1.1\jbr\bin;C:\Windows\SYSTEM32;C:\Windows\WinSxS\amd64_microsoft.windows.common-controls_6595b64144ccf1df_6.0.19041.1110_none_60b5254171f9507e;C:\Users\ukr_temp\AppData\Local\JetBrains\IntelliJ IDEA Community Edition 2021.1.1\jbr\bin\server

VM Arguments:
java_command: org.jetbrains.git4idea.http.GitAskPassApp Password for 'https://Art3609@bitbucket.org': 
java_class_path (initial): C:/Users/ukr_temp/AppData/Local/JetBrains/IntelliJ IDEA Community Edition 2021.1.1/plugins/git4idea/lib/git4idea-rt.jar;C:/Users/ukr_temp/AppData/Local/JetBrains/IntelliJ IDEA Community Edition 2021.1.1/lib/xmlrpc-2.0.1.jar;C:/Users/ukr_temp/AppData/Local/JetBrains/IntelliJ IDEA Community Edition 2021.1.1/lib/commons-codec-1.15.jar
Launcher Type: SUN_STANDARD

[Global flags]
     intx CICompilerCount                          = 4                                         {product} {ergonomic}
     uint ConcGCThreads                            = 2                                         {product} {ergonomic}
     uint G1ConcRefinementThreads                  = 8                                         {product} {ergonomic}
   size_t G1HeapRegionSize                         = 2097152                                   {product} {ergonomic}
    uintx GCDrainStackTargetSize                   = 64                                        {product} {ergonomic}
   size_t InitialHeapSize                          = 536870912                                 {product} {ergonomic}
   size_t MarkStackSize                            = 4194304                                   {product} {ergonomic}
   size_t MaxHeapSize                              = 8560574464                                {product} {ergonomic}
   size_t MinHeapDeltaBytes                        = 2097152                                   {product} {ergonomic}
    uintx NonNMethodCodeHeapSize                   = 5836300                                {pd product} {ergonomic}
    uintx NonProfiledCodeHeapSize                  = 122910970                              {pd product} {ergonomic}
    uintx ProfiledCodeHeapSize                     = 122910970                              {pd product} {ergonomic}
    uintx ReservedCodeCacheSize                    = 251658240                              {pd product} {ergonomic}
     bool SegmentedCodeCache                       = true                                      {product} {ergonomic}
     bool UseCompressedClassPointers               = true                                 {lp64_product} {ergonomic}
     bool UseCompressedOops                        = true                                 {lp64_product} {ergonomic}
     bool UseG1GC                                  = true                                      {product} {ergonomic}
     bool UseLargePagesIndividualAllocation        = false                                  {pd product} {ergonomic}

Logging:
Log output configuration:
 #0: stdout all=warning uptime,level,tags
 #1: stderr all=off uptime,level,tags

Environment Variables:
PATH=C:/Users/ukr_temp/AppData/Local/Programs/Git/mingw64/libexec/git-core;C:/Users/ukr_temp/AppData/Local/Programs/Git/mingw64/libexec/git-core;C:\Users\ukr_temp\AppData\Local\Programs\Git\mingw64\bin;C:\Users\ukr_temp\AppData\Local\Programs\Git\usr\bin;C:\Users\ukr_temp\bin;C:\Windows\system32;C:\Windows;C:\Windows\System32\Wbem;C:\Windows\System32\WindowsPowerShell\v1.0\;C:\Windows\System32\OpenSSH\;C:\Program Files (x86)\Microsoft SQL Server\150\DTS\Binn\;C:\Program Files\Azure Data Studio\bin;C:\Program Files\Microsoft SQL Server\Client SDK\ODBC\170\Tools\Binn\;C:\Program Files (x86)\Microsoft SQL Server\150\Tools\Binn\;C:\Program Files\Microsoft SQL Server\150\Tools\Binn\;C:\Program Files\Microsoft SQL Server\150\DTS\Binn\;C:\Program Files\Docker\Docker\resources\bin;C:\ProgramData\DockerDesktop\version-bin;C:\Users\ukr_temp\AppData\Local\Microsoft\WindowsApps;C:\Users\ukr_temp\AppData\Local\Programs\Git\cmd
USERNAME=ukr_temp
DISPLAY=:0.0
LC_ALL=en_US.UTF-8
OS=Windows_NT
PROCESSOR_IDENTIFIER=Intel64 Family 6 Model 158 Stepping 9, GenuineIntel



---------------  S Y S T E M  ---------------

OS: Windows 10 , 64 bit Build 19041 (10.0.19041.1023)
OS uptime: 3 days 21:52 hours
Hyper-V role detected

CPU:total 8 (initial active 8) (4 cores per cpu, 2 threads per core) family 6 model 158 stepping 9 microcode 0xb4, cmov, cx8, fxsr, mmx, sse, sse2, sse3, ssse3, sse4.1, sse4.2, popcnt, avx, avx2, aes, clmul, erms, rtm, 3dnowpref, lzcnt, ht, tsc, tscinvbit, bmi1, bmi2, adx, fma

Memory: 4k page, system-wide physical 32655M (18735M free)
TotalPageFile size 45013M (AvailPageFile size 32M)
current process WorkingSet (physical memory assigned to process): 11M, peak: 11M
current process commit charge ("private bytes"): 61M, peak: 573M

vm_info: Dynamic Code Evolution 64-Bit Server VM (11.0.10+9-b1341.41) for windows-amd64 JRE (11.0.10+9-b1341.41), built on Apr 17 2021 07:18:15 by "" with MS VC++ 14.0 (VS2015)

END.
